[2025-08-01T04:53:20.298Z] تشغيل البوت
[2025-08-01T04:53:20.404Z] Startup error: TypeError: logger.child is not a function
[2025-08-01T04:53:23.417Z] تشغيل البوت
[2025-08-01T04:53:23.427Z] Startup error: TypeError: logger.child is not a function
[2025-08-01T04:53:26.433Z] تشغيل البوت
[2025-08-01T04:53:26.442Z] Startup error: TypeError: logger.child is not a function
[2025-08-01T04:53:29.451Z] تشغيل البوت
[2025-08-01T04:53:29.460Z] Startup error: TypeError: logger.child is not a function
[2025-08-01T04:53:32.466Z] تشغيل البوت
[2025-08-01T04:53:32.475Z] Startup error: TypeError: logger.child is not a function
[2025-08-01T04:53:35.480Z] تشغيل البوت
[2025-08-01T04:53:35.490Z] Startup error: TypeError: logger.child is not a function
[2025-08-01T04:53:38.497Z] تشغيل البوت
[2025-08-01T04:53:38.505Z] Startup error: TypeError: logger.child is not a function
[2025-08-01T04:53:41.512Z] تشغيل البوت
[2025-08-01T04:53:41.520Z] Startup error: TypeError: logger.child is not a function
[2025-08-01T04:53:44.527Z] تشغيل البوت
[2025-08-01T04:53:44.537Z] Startup error: TypeError: logger.child is not a function
[2025-08-01T04:53:47.544Z] تشغيل البوت
[2025-08-01T04:53:47.554Z] Startup error: TypeError: logger.child is not a function
[2025-08-01T04:53:50.560Z] تشغيل البوت
[2025-08-01T04:53:50.568Z] Startup error: TypeError: logger.child is not a function
[2025-08-01T04:53:53.575Z] تشغيل البوت
[2025-08-01T04:53:53.583Z] Startup error: TypeError: logger.child is not a function
[2025-08-01T04:53:56.590Z] تشغيل البوت
[2025-08-01T04:53:56.599Z] Startup error: TypeError: logger.child is not a function
[2025-08-01T04:53:59.605Z] تشغيل البوت
[2025-08-01T04:53:59.613Z] Startup error: TypeError: logger.child is not a function
[2025-08-01T04:54:02.619Z] تشغيل البوت
[2025-08-01T04:54:02.631Z] Startup error: TypeError: logger.child is not a function
[2025-08-01T04:54:05.637Z] تشغيل البوت
[2025-08-01T04:54:05.647Z] Startup error: TypeError: logger.child is not a function
[2025-08-01T04:54:08.656Z] تشغيل البوت
[2025-08-01T04:54:08.664Z] Startup error: TypeError: logger.child is not a function
[2025-08-01T04:54:11.672Z] تشغيل البوت
[2025-08-01T04:54:11.680Z] Startup error: TypeError: logger.child is not a function
[2025-08-01T04:54:14.688Z] تشغيل البوت
[2025-08-01T04:54:14.696Z] Startup error: TypeError: logger.child is not a function
[2025-08-01T04:54:17.703Z] تشغيل البوت
[2025-08-01T04:54:17.711Z] Startup error: TypeError: logger.child is not a function
[2025-08-01T04:54:20.717Z] تشغيل البوت
[2025-08-01T04:54:20.726Z] Startup error: TypeError: logger.child is not a function
[2025-08-01T04:54:23.732Z] تشغيل البوت
[2025-08-01T04:54:23.741Z] Startup error: TypeError: logger.child is not a function
[2025-08-01T04:54:26.754Z] تشغيل البوت
[2025-08-01T04:54:26.762Z] Startup error: TypeError: logger.child is not a function
[2025-08-01T04:54:29.768Z] تشغيل البوت
[2025-08-01T04:54:29.776Z] Startup error: TypeError: logger.child is not a function
[2025-08-01T04:54:32.788Z] تشغيل البوت
[2025-08-01T04:54:32.803Z] Startup error: TypeError: logger.child is not a function
[2025-08-01T04:54:35.859Z] تشغيل البوت
[2025-08-01T04:54:35.867Z] Startup error: TypeError: logger.child is not a function
[2025-08-01T04:54:38.873Z] تشغيل البوت
[2025-08-01T04:54:38.882Z] Startup error: TypeError: logger.child is not a function
[2025-08-01T04:54:41.887Z] تشغيل البوت
[2025-08-01T04:54:41.898Z] Startup error: TypeError: logger.child is not a function
[2025-08-01T04:54:44.904Z] تشغيل البوت
[2025-08-01T04:54:44.914Z] Startup error: TypeError: logger.child is not a function
[2025-08-01T04:54:47.920Z] تشغيل البوت
[2025-08-01T04:54:47.929Z] Startup error: TypeError: logger.child is not a function
[2025-08-01T04:55:16.710Z] تشغيل البوت
[2025-08-01T04:55:16.828Z] Connecting to WhatsApp...
[2025-08-01T04:55:21.221Z] Disconnected: Connection Failure
[2025-08-01T04:55:21.245Z] You have been logged out.
[2025-08-01T04:56:01.495Z] تشغيل البوت
[2025-08-01T04:56:11.138Z] تم إنشاء كود الاقتران بنجاح!
[2025-08-01T04:57:43.671Z] Disconnected: Stream Errored (restart required)
[2025-08-01T04:57:43.672Z] Reconnecting...
[2025-08-01T04:57:46.674Z] تشغيل البوت
[2025-08-01T04:57:46.689Z] Connecting to WhatsApp...
[2025-08-01T04:57:49.212Z] CONNECTED! USER ID: 201155528093:15@s.whatsapp.net
[2025-08-01T04:57:49.479Z] ADDED 201155528093 AND 52300286529652 TO ELITE!
[2025-08-01T05:03:09.298Z] [+] تم تحميل بيانات مجموعة: ال
[2025-08-01T05:35:04.590Z] تشغيل البوت
[2025-08-01T05:35:04.890Z] Connecting to WhatsApp...
[2025-08-01T05:35:08.487Z] CONNECTED! USER ID: 201155528093:15@s.whatsapp.net
[2025-08-01T05:35:08.930Z] ADDED 201155528093 AND 52300286529652 TO ELITE!
